----------------------------------------------------------------------------------------------------
------------------------------------ MegaLinter, by OX Security ------------------------------------
----------------------------------------------------------------------------------------------------
 - Image Creation Date: 2023-12-09T21:25:38Z
 - Image Revision: 7e042c726c68415475b05a65a686c612120a1232
 - Image Version: v7.7.0
----------------------------------------------------------------------------------------------------
The MegaLinter documentation can be found at:
 - https://megalinter.io/7.7.0
----------------------------------------------------------------------------------------------------
::group::MegaLinter initialization (expand for details)
MegaLinter will analyze workspace [/github/workspace]
GITHUB_REPOSITORY: ministryofjustice/operations-engineering-user-guide
GITHUB_REF: refs/pull/117/merge
GITHUB_RUN_ID: 7226022473


[Plugins] Loaded plugin descriptor /megalinter-descriptors/linkcheck.megalinter-descriptor.yml from https://raw.githubusercontent.com/shiranr/linkcheck/v2.0.17.beta/mega-linter-plugin-linkcheck/linkcheck.megalinter-descriptor.yml
[Plugins] Successful initialization of MDLINKCHECK plugins
MARKDOWN_REMARK_LINT has been temporary disabled in MegaLinter, please use a previous MegaLinter version or wait for the next one !
Skipped linters: ANSIBLE_ANSIBLE_LINT, ARM_ARM_TTK, BASH_EXEC, BASH_SHELLCHECK, BASH_SHFMT, BICEP_BICEP_LINTER, CLOJURE_CLJSTYLE, CLOJURE_CLJ_KONDO, CLOUDFORMATION_CFN_LINT, COFFEE_COFFEELINT, COPYPASTE_JSCPD, CPP_CLANG_FORMAT, CPP_CPPLINT, CSHARP_CSHARPIER, CSHARP_DOTNET_FORMAT, CSHARP_ROSLYNATOR, CSS_SCSS_LINT, CSS_STYLELINT, C_CLANG_FORMAT, C_CPPLINT, DART_DARTANALYZER, DOCKERFILE_HADOLINT, EDITORCONFIG_EDITORCONFIG_CHECKER, ENV_DOTENV_LINTER, GHERKIN_GHERKIN_LINT, GO_GOLANGCI_LINT, GO_REVIVE, GRAPHQL_GRAPHQL_SCHEMA_LINTER, GROOVY_NPM_GROOVY_LINT, HTML_DJLINT, HTML_HTMLHINT, JAVASCRIPT_ES, JAVASCRIPT_PRETTIER, JAVASCRIPT_STANDARD, JAVA_CHECKSTYLE, JAVA_PMD, JSON_ESLINT_PLUGIN_JSONC, JSON_JSONLINT, JSON_NPM_PACKAGE_JSON_LINT, JSON_PRETTIER, JSON_V8R, JSX_ESLINT, KOTLIN_KTLINT, KUBERNETES_HELM, KUBERNETES_KUBECONFORM, KUBERNETES_KUBESCAPE, LATEX_CHKTEX, LUA_LUACHECK, MAKEFILE_CHECKMAKE, MARKDOWN_MARKDOWN_LINK_CHECK, MARKDOWN_REMARK_LINT, MDLINKCHECK_LINKCHECK, OPENAPI_SPECTRAL, PERL_PERLCRITIC, PHP_PHPCS, PHP_PHPLINT, PHP_PHPSTAN, PHP_PSALM, POWERSHELL_POWERSHELL, POWERSHELL_POWERSHELL_FORMATTER, PROTOBUF_PROTOLINT, PUPPET_PUPPET_LINT, PYTHON_BANDIT, PYTHON_BLACK, PYTHON_FLAKE8, PYTHON_MYPY, PYTHON_PYRIGHT, PYTHON_RUFF, RAKU_RAKU, REPOSITORY_CHECKOV, REPOSITORY_DEVSKIM, REPOSITORY_DUSTILOCK, REPOSITORY_GITLEAKS, REPOSITORY_GIT_DIFF, REPOSITORY_GRYPE, REPOSITORY_KICS, REPOSITORY_SECRETLINT, REPOSITORY_SEMGREP, REPOSITORY_SYFT, REPOSITORY_TRIVY, REPOSITORY_TRIVY_SBOM, REPOSITORY_TRUFFLEHOG, RST_RSTCHECK, RST_RSTFMT, RST_RST_LINT, RUBY_RUBOCOP, RUST_CLIPPY, R_LINTR, SALESFORCE_LIGHTNING_FLOW_SCANNER, SALESFORCE_SFDX_SCANNER_APEX, SALESFORCE_SFDX_SCANNER_AURA, SALESFORCE_SFDX_SCANNER_LWC, SCALA_SCALAFIX, SNAKEMAKE_LINT, SNAKEMAKE_SNAKEFMT, SPELL_LYCHEE, SPELL_PROSELINT, SPELL_VALE, SQL_SQLFLUFF, SQL_SQL_LINT, SQL_TSQLLINT, SWIFT_SWIFTLINT, TEKTON_TEKTON_LINT, TERRAFORM_TERRAFORM_FMT, TERRAFORM_TERRAGRUNT, TERRAFORM_TERRASCAN, TERRAFORM_TFLINT, TSX_ESLINT, TYPESCRIPT_ES, TYPESCRIPT_PRETTIER, TYPESCRIPT_STANDARD, VBDOTNET_DOTNET_FORMAT, XML_XMLLINT, YAML_V8R
To receive reports as email, please set variable EMAIL_REPORTER_EMAIL
::endgroup::
::group::MegaLinter now collects the files to analyse (expand for details)
Listing updated files in [/github/workspace] using git diff.
Modified files:
.mega-linter.yml
source/documentation/services/1password.html.md.erb
- File extensions: .erb, .html.md.erb, .md, .py, .yaml, .yml
- Excluding .gitignored files [0]: 
Kept [2] files on [2] found files

+----MATCHING LINTERS-------+-----------------------+----------------+------------+
| Descriptor | Linter       | Criteria              | Matching files | Format/Fix |
+------------+--------------+-----------------------+----------------+------------+
| MARKDOWN   | markdownlint | .md|.erb|.html.md.erb | 1              | yes        |
| SPELL      | cspell       |                       | 2              | no         |
| YAML       | prettier     | .yml|.yaml            | 1              | yes        |
| YAML       | yamllint     | .yml|.yaml            | 1              | no         |
+------------+--------------+-----------------------+----------------+------------+
::endgroup::
Processing linters on [4] parallel cores…
[GitHub Status Reporter] Error posting Status for YAMLwith yamllint: 403
GitHub API response: {"message":"Resource not accessible by integration","documentation_url":"https://docs.github.com/rest/commits/statuses#create-a-commit-status"}
::group::[32m✅ Linted [YAML] files with [yamllint] successfully - (0.26s)[0m (expand for details)
- Using [yamllint v1.33.0] https://megalinter.io/7.7.0/descriptors/yaml_yamllint
- MegaLinter key: [YAML_YAMLLINT]
- Rules config: [.yamllint.yml]
- Number of files analyzed: [1]
::endgroup::
[GitHub Status Reporter] Error posting Status for YAMLwith prettier: 403
GitHub API response: {"message":"Resource not accessible by integration","documentation_url":"https://docs.github.com/rest/commits/statuses#create-a-commit-status"}
::group::[32m✅ Linted [YAML] files with [prettier] successfully - (0.41s)[0m (expand for details)
- Using [prettier v3.1.0] https://megalinter.io/7.7.0/descriptors/yaml_prettier
- MegaLinter key: [YAML_PRETTIER]
- Rules config: identified by [prettier]
- Number of files analyzed: [1]
::endgroup::
[GitHub Status Reporter] Error posting Status for MARKDOWNwith markdownlint: 403
GitHub API response: {"message":"Resource not accessible by integration","documentation_url":"https://docs.github.com/rest/commits/statuses#create-a-commit-status"}
::group::[33m✅ Linted [MARKDOWN] files with [markdownlint]: Found 1 non blocking error(s) - (0.44s)[0m (expand for details)
- Using [markdownlint v0.38.0] https://megalinter.io/7.7.0/descriptors/markdown_markdownlint
- MegaLinter key: [MARKDOWN_MARKDOWNLINT]
- Rules config: [.markdownlint.json]
- Number of files analyzed: [1]
--Error detail:
source/documentation/services/1password.html.md.erb:8 MD025/single-title/single-h1 Multiple top-level headings in the same document [Context: "# What is 1Password?"]

::endgroup::
[GitHub Status Reporter] Error posting Status for SPELLwith cspell: 403
GitHub API response: {"message":"Resource not accessible by integration","documentation_url":"https://docs.github.com/rest/commits/statuses#create-a-commit-status"}
::group::[33m✅ Linted [SPELL] files with [cspell]: Found 4 non blocking error(s) - (1.69s)[0m (expand for details)
- Using [cspell v8.1.3] https://megalinter.io/7.7.0/descriptors/spell_cspell
- MegaLinter key: [SPELL_CSPELL]
- Rules config: identified by [cspell]
- Number of files analyzed: [3]
--Error detail:
1/3 ./.mega-linter.yml 484.07ms X
./.mega-linter.yml:10:14     - Unknown word (MARKDOWNLINT) -- - MARKDOWN_MARKDOWNLINT
	 Suggestions: []
./.mega-linter.yml:15:12     - Unknown word (PYLINT)       -- - PYTHON_PYLINT
	 Suggestions: [PLYING, PINT, PAINT, PLANT, PLINK]
./.mega-linter.yml:16:12     - Unknown word (ISORT)        -- - PYTHON_ISORT
	 Suggestions: [SORT, IGOR, ISAR, isrg, ISRG]
./.mega-linter.yml:21:10     - Unknown word (MARKDOWNLINT) -- MARKDOWN_MARKDOWNLINT_FILE_EXTENSIONS: ["
	 Suggestions: []
2/3 ./f751200e-ba68-4d45-9495-e3ce49ff3b19-megalinter_file_names_cspell.txt 3.21ms
3/3 ./source/documentation/services/1password.html.md.erb 14.30ms
CSpell: Files checked: 3, Issues found: 4 in 1 files

::endgroup::
[GitHub Comment Reporter] Posted summary as comment on ministryofjustice/operations-engineering-user-guide #PR117
[Updated Sources Reporter] copied 1 fixed source files in folder /github/workspace/megalinter-reports/updated_sources.
Download it from artifacts then copy-paste it in your local repo to apply linters updates

+----SUMMARY--+--------------+---------------+-------+-------+--------+--------------+
| Descriptor  | Linter       | Mode          | Files | Fixed | Errors | Elapsed time |
+-------------+--------------+---------------+-------+-------+--------+--------------+
| ⚠️ MARKDOWN | markdownlint | list_of_files |     1 |     1 |      1 |        0.44s |
| ⚠️ SPELL    | cspell       | list_of_files |     3 |       |      4 |        1.69s |
| ✅ YAML     | prettier     | list_of_files |     1 |     0 |      0 |        0.41s |
| ✅ YAML     | yamllint     | list_of_files |     1 |       |      0 |        0.26s |
+-------------+--------------+---------------+-------+-------+--------+--------------+

[33m⚠️ Successfully linted all files, but with ignored errors[0m
