Results of cspell linter (version 8.1.3)
See documentation on https://megalinter.io/7.7.0/descriptors/spell_cspell/
-----------------------------------------------

❌ [ERROR] for workspace /github/workspace
Linter raw log:
1/3 ./.mega-linter.yml 484.07ms X
./.mega-linter.yml:10:14     - Unknown word (MARKDOWNLINT) -- - MARKDOWN_MARKDOWNLINT
	 Suggestions: []
./.mega-linter.yml:15:12     - Unknown word (PYLINT)       -- - PYTHON_PYLINT
	 Suggestions: [PLYING, PINT, PAINT, PLANT, PLINK]
./.mega-linter.yml:16:12     - Unknown word (ISORT)        -- - PYTHON_ISORT
	 Suggestions: [SORT, IGOR, ISAR, isrg, ISRG]
./.mega-linter.yml:21:10     - Unknown word (MARKDOWNLINT) -- MARKDOWN_MARKDOWNLINT_FILE_EXTENSIONS: ["
	 Suggestions: []
2/3 ./f751200e-ba68-4d45-9495-e3ce49ff3b19-megalinter_file_names_cspell.txt 3.21ms
3/3 ./source/documentation/services/1password.html.md.erb 14.30ms
CSpell: Files checked: 3, Issues found: 4 in 1 files


You can skip this misspellings by defining the following .cspell.json file at the root of your repository
Of course, please correct real typos before :)

{
    "version": "0.2",
    "language": "en",
    "ignorePaths": [
        "**/node_modules/**",
        "**/vscode-extension/**",
        "**/.git/**",
        "**/.pnpm-lock.json",
        ".vscode",
        "package-lock.json",
        "megalinter-reports"
    ],
    "words": [
        "ISORT",
        "MARKDOWNLINT",
        "PYLINT"
    ]
}


You can also copy-paste megalinter-reports/.cspell.json at the root of your repository
